{"D:\\Namaste_React\\Namaste-food\\src\\components\\Grocery.js": {"path":"D:\\Namaste_React\\Namaste-food\\src\\components\\Grocery.js","all":false,"statementMap":{"0":{"start":{"line":1,"column":0},"end":{"line":1,"column":23}},"1":{"start":{"line":2,"column":0},"end":{"line":2,"column":12}},"2":{"start":{"line":3,"column":0},"end":{"line":3,"column":13}},"3":{"start":{"line":4,"column":0},"end":{"line":4,"column":90}},"4":{"start":{"line":5,"column":0},"end":{"line":5,"column":18}},"5":{"start":{"line":6,"column":0},"end":{"line":6,"column":70}},"6":{"start":{"line":7,"column":0},"end":{"line":7,"column":71}},"7":{"start":{"line":8,"column":0},"end":{"line":8,"column":66}},"8":{"start":{"line":9,"column":0},"end":{"line":9,"column":19}},"9":{"start":{"line":10,"column":0},"end":{"line":10,"column":14}},"10":{"start":{"line":11,"column":0},"end":{"line":11,"column":5}},"11":{"start":{"line":12,"column":0},"end":{"line":12,"column":1}},"12":{"start":{"line":13,"column":0},"end":{"line":13,"column":23}}},"s":{"0":1,"1":4,"2":4,"3":4,"4":4,"5":4,"6":4,"7":4,"8":4,"9":4,"10":4,"11":4,"12":1},"branchMap":{"0":{"type":"branch","line":1,"loc":{"start":{"line":1,"column":16},"end":{"line":12,"column":1}},"locations":[{"start":{"line":1,"column":16},"end":{"line":12,"column":1}}]}},"b":{"0":[4]},"fnMap":{"0":{"name":"Grocery","decl":{"start":{"line":1,"column":16},"end":{"line":12,"column":1}},"loc":{"start":{"line":1,"column":16},"end":{"line":12,"column":1}},"line":1}},"f":{"0":4}}
,"D:\\Namaste_React\\Namaste-food\\src\\components\\sum.js": {"path":"D:\\Namaste_React\\Namaste-food\\src\\components\\sum.js","all":false,"statementMap":{"0":{"start":{"line":1,"column":0},"end":{"line":1,"column":29}},"1":{"start":{"line":2,"column":0},"end":{"line":2,"column":15}},"2":{"start":{"line":3,"column":0},"end":{"line":3,"column":1}}},"s":{"0":1,"1":1,"2":1},"branchMap":{"0":{"type":"branch","line":1,"loc":{"start":{"line":1,"column":19},"end":{"line":3,"column":1}},"locations":[{"start":{"line":1,"column":19},"end":{"line":3,"column":1}}]}},"b":{"0":[1]},"fnMap":{"0":{"name":"sum","decl":{"start":{"line":1,"column":19},"end":{"line":3,"column":1}},"loc":{"start":{"line":1,"column":19},"end":{"line":3,"column":1}},"line":1}},"f":{"0":1}}
}
